  lamdoan.cpp
C:\Users\Admin\Desktop\ĐỒ_ÁN_CTDL&GT\lam_do_an\lam_do_an\khaibao.h(91,23): warning C4018: '<': signed/unsigned mismatch
C:\Users\Admin\Desktop\ĐỒ_ÁN_CTDL&GT\lam_do_an\lam_do_an\khaibao.h(106,23): warning C4018: '<': signed/unsigned mismatch
C:\Users\Admin\Desktop\ĐỒ_ÁN_CTDL&GT\lam_do_an\lam_do_an\khaibao.h(108,23): warning C4018: '<': signed/unsigned mismatch
C:\Users\Admin\Desktop\ĐỒ_ÁN_CTDL&GT\lam_do_an\lam_do_an\khaibao.h(117,23): warning C4018: '<': signed/unsigned mismatch
C:\Users\Admin\Desktop\ĐỒ_ÁN_CTDL&GT\lam_do_an\lam_do_an\khaibao.h(122,23): warning C4018: '<': signed/unsigned mismatch
C:\Users\Admin\Desktop\ĐỒ_ÁN_CTDL&GT\lam_do_an\lam_do_an\khaibao.h(131,23): warning C4018: '<': signed/unsigned mismatch
C:\Users\Admin\Desktop\ĐỒ_ÁN_CTDL&GT\lam_do_an\lam_do_an\vattu.h(81,26): warning C4018: '<': signed/unsigned mismatch
C:\Users\Admin\Desktop\ĐỒ_ÁN_CTDL&GT\lam_do_an\lam_do_an\cac_dohoa.h(142,23): warning C4018: '<': signed/unsigned mismatch
C:\Users\Admin\Desktop\ĐỒ_ÁN_CTDL&GT\lam_do_an\lam_do_an\cac_dohoa.h(150,25): warning C4018: '<=': signed/unsigned mismatch
C:\Users\Admin\Desktop\ĐỒ_ÁN_CTDL&GT\lam_do_an\lam_do_an\cac_dohoa.h(187,8): warning C4244: 'initializing': conversion from 'float' to 'int', possible loss of data
C:\Users\Admin\Desktop\ĐỒ_ÁN_CTDL&GT\lam_do_an\lam_do_an\cac_dohoa.h(234,23): warning C4018: '<': signed/unsigned mismatch
C:\Users\Admin\Desktop\ĐỒ_ÁN_CTDL&GT\lam_do_an\lam_do_an\cac_dohoa.h(243,25): warning C4018: '<=': signed/unsigned mismatch
C:\Users\Admin\Desktop\ĐỒ_ÁN_CTDL&GT\lam_do_an\lam_do_an\cac_dohoa.h(295,23): warning C4018: '<': signed/unsigned mismatch
C:\Users\Admin\Desktop\ĐỒ_ÁN_CTDL&GT\lam_do_an\lam_do_an\cac_dohoa.h(304,25): warning C4018: '<=': signed/unsigned mismatch
C:\Users\Admin\Desktop\ĐỒ_ÁN_CTDL&GT\lam_do_an\lam_do_an\cac_dohoa.h(305,18): warning C4244: '=': conversion from 'int' to 'float', possible loss of data
C:\Users\Admin\Desktop\ĐỒ_ÁN_CTDL&GT\lam_do_an\lam_do_an\cac_dohoa.h(310,24): warning C4244: '=': conversion from 'float' to 'int', possible loss of data
C:\Users\Admin\Desktop\ĐỒ_ÁN_CTDL&GT\lam_do_an\lam_do_an\nhanvien.h(11,15): warning C4244: 'argument': conversion from 'time_t' to 'unsigned int', possible loss of data
C:\Users\Admin\Desktop\ĐỒ_ÁN_CTDL&GT\lam_do_an\lam_do_an\nhanvien.h(57,23): warning C4018: '<': signed/unsigned mismatch
C:\Users\Admin\Desktop\ĐỒ_ÁN_CTDL&GT\lam_do_an\lam_do_an\nhanvien.h(59,23): warning C4018: '<': signed/unsigned mismatch
C:\Users\Admin\Desktop\ĐỒ_ÁN_CTDL&GT\lam_do_an\lam_do_an\dohoa_hoadon.h(400,29): warning C4244: 'argument': conversion from 'int' to 'float', possible loss of data
C:\Users\Admin\Desktop\ĐỒ_ÁN_CTDL&GT\lam_do_an\lam_do_an\dohoa_hoadon.h(402,29): warning C4244: 'argument': conversion from 'long' to 'float', possible loss of data
C:\Users\Admin\Desktop\ĐỒ_ÁN_CTDL&GT\lam_do_an\lam_do_an\dohoa_hoadon.h(404,29): warning C4244: 'argument': conversion from 'int' to 'float', possible loss of data
C:\Users\Admin\Desktop\ĐỒ_ÁN_CTDL&GT\lam_do_an\lam_do_an\dohoa_hoadon.h(1099,17): warning C4244: '=': conversion from 'float' to 'int', possible loss of data
C:\Users\Admin\Desktop\ĐỒ_ÁN_CTDL&GT\lam_do_an\lam_do_an\dohoa_hoadon.h(1109,19): warning C4244: '=': conversion from 'float' to 'int', possible loss of data
C:\Users\Admin\Desktop\ĐỒ_ÁN_CTDL&GT\lam_do_an\lam_do_an\dohoa_hoadon.h(1119,19): warning C4244: '=': conversion from 'float' to 'int', possible loss of data
C:\Users\Admin\Desktop\ĐỒ_ÁN_CTDL&GT\lam_do_an\lam_do_an\dohoa_hoadon.h(1130,16): warning C4244: '=': conversion from 'float' to 'long', possible loss of data
C:\Users\Admin\Desktop\ĐỒ_ÁN_CTDL&GT\lam_do_an\lam_do_an\dohoa_hoadon.h(1137,18): warning C4244: '=': conversion from 'float' to 'long', possible loss of data
C:\Users\Admin\Desktop\ĐỒ_ÁN_CTDL&GT\lam_do_an\lam_do_an\dohoa_hoadon.h(1143,13): warning C4244: '=': conversion from 'float' to 'int', possible loss of data
C:\Users\Admin\Desktop\ĐỒ_ÁN_CTDL&GT\lam_do_an\lam_do_an\dohoa_hoadon.h(1150,15): warning C4244: '=': conversion from 'float' to 'int', possible loss of data
C:\Users\Admin\Desktop\ĐỒ_ÁN_CTDL&GT\lam_do_an\lam_do_an\dohoa_hoadon.h(1417,24): warning C4244: 'argument': conversion from 'int' to 'float', possible loss of data
C:\Users\Admin\Desktop\ĐỒ_ÁN_CTDL&GT\lam_do_an\lam_do_an\dohoa_doanhthu.h(207,25): warning C4244: 'argument': conversion from 'int' to 'float', possible loss of data
C:\Users\Admin\Desktop\ĐỒ_ÁN_CTDL&GT\lam_do_an\lam_do_an\dohoa_vattu.h(259,16): warning C4244: 'initializing': conversion from 'double' to 'int', possible loss of data
  lam_do_an.vcxproj -> C:\Users\Admin\Desktop\ĐỒ_ÁN_CTDL&GT\lam_do_an\Debug\lam_do_an.exe
